<?xml version="1.0" encoding="UTF-8"?>
<testsuite name="TestCart" tests="5" skipped="0" failures="0" errors="0" timestamp="2021-12-17T02:41:22" hostname="RHIT-R90VFCBE" time="0.001">
  <properties/>
  <testcase name="testApplyDiscount" classname="TestCart" time="0.0"/>
  <testcase name="testComputeTotalDiscount" classname="TestCart" time="0.001"/>
  <testcase name="testAddItem" classname="TestCart" time="0.0"/>
  <testcase name="testComputeTotalItemCost" classname="TestCart" time="0.0"/>
  <testcase name="testComputeTotalCost" classname="TestCart" time="0.0"/>
  <system-out><![CDATA[]]></system-out>
  <system-err><![CDATA[]]></system-err>
</testsuite>
