<?xml version="1.0" encoding="UTF-8"?>
<testsuite name="TestAPI" tests="7" skipped="0" failures="0" errors="0" timestamp="2021-12-17T02:41:22" hostname="RHIT-R90VFCBE" time="0.03">
  <properties/>
  <testcase name="testAddNegativeQuantity" classname="TestAPI" time="0.013"/>
  <testcase name="testAPISendApplyDiscountRequest" classname="TestAPI" time="0.012"/>
  <testcase name="testAddQuantityAboveStock" classname="TestAPI" time="0.001"/>
  <testcase name="testAPISendViewRequest" classname="TestAPI" time="0.001"/>
  <testcase name="testAPISendModifyQuantityRequest" classname="TestAPI" time="0.001"/>
  <testcase name="testAPISendAddItemRequest" classname="TestAPI" time="0.001"/>
  <testcase name="testExpiredDiscount" classname="TestAPI" time="0.001"/>
  <system-out><![CDATA[]]></system-out>
  <system-err><![CDATA[]]></system-err>
</testsuite>
